\BOOKMARK [1][-]{section.1}{Introdu\347\343o}{}
\BOOKMARK [2][-]{subsection.1.1}{Finalidade}{section.1}
\BOOKMARK [2][-]{subsection.1.2}{Defini\347\365es, Acr\364nimos e Abrevia\347\365es}{section.1}
\BOOKMARK [2][-]{subsection.1.3}{Refer\352ncias}{section.1}
\BOOKMARK [2][-]{subsection.1.4}{Vis\343o Geral}{section.1}
\BOOKMARK [1][-]{section.2}{Descri\347\343o do Produto}{}
\BOOKMARK [1][-]{section.3}{Contexto do Neg\363cio}{}
\BOOKMARK [1][-]{section.4}{Objetivos do Produto}{}
\BOOKMARK [1][-]{section.5}{Estimativas Financeiras}{}
\BOOKMARK [1][-]{section.6}{Restri\347\365es}{}
\BOOKMARK [1][-]{section.7}{Requisitos}{}
\BOOKMARK [2][-]{subsection.7.1}{Requisitos Funcionais}{section.7}
\BOOKMARK [3][-]{subsubsection.7.1.1}{P\341gina inicial }{subsection.7.1}
\BOOKMARK [3][-]{subsubsection.7.1.2}{Login}{subsection.7.1}
\BOOKMARK [3][-]{subsubsection.7.1.3}{Redefinir Senha }{subsection.7.1}
\BOOKMARK [3][-]{subsubsection.7.1.4}{Criar Conta }{subsection.7.1}
\BOOKMARK [3][-]{subsubsection.7.1.5}{Novo Documento}{subsection.7.1}
\BOOKMARK [3][-]{subsubsection.7.1.6}{Editar Documento }{subsection.7.1}
\BOOKMARK [3][-]{subsubsection.7.1.7}{Exportar Documento}{subsection.7.1}
\BOOKMARK [3][-]{subsubsection.7.1.8}{Importar Documento}{subsection.7.1}
\BOOKMARK [3][-]{subsubsection.7.1.9}{Clonar Documento}{subsection.7.1}
\BOOKMARK [3][-]{subsubsection.7.1.10}{Visualizar Usu\341rio}{subsection.7.1}
\BOOKMARK [3][-]{subsubsection.7.1.11}{Visualizar Documento }{subsection.7.1}
\BOOKMARK [2][-]{subsection.7.2}{Requisitos N\343o-funcionais}{section.7}
\BOOKMARK [3][-]{subsubsection.7.2.1}{Traduzir a ferramenta TogetherJS}{subsection.7.2}
\BOOKMARK [3][-]{subsubsection.7.2.2}{Sincroniza\347\343o de cursor do Ace Editor}{subsection.7.2}
\BOOKMARK [1][-]{section.8}{Ambienta\347\343o}{}
\BOOKMARK [2][-]{subsection.8.1}{Linguagem a ser utilizada}{section.8}
\BOOKMARK [2][-]{subsection.8.2}{IDE}{section.8}
\BOOKMARK [2][-]{subsection.8.3}{Controle de Vers\343o}{section.8}
\BOOKMARK [2][-]{subsection.8.4}{Framework}{section.8}
